
[Wed Mar 01 2023 16:14:47 GMT+0100 (Central European Standard Time)]
[cypress\e2e\TC_001_e2e_alza.cy.js]:

    [Testing API expected behavior -> step 1 (body length) on ALZA env]
        cy:command (---success---): INFO	SERVICE_NAME values: shoptet-service
        cy:command (---success---): INFO	RANDOMIZER_ACTIVE type: boolean
        cy:command (---success---): INFO	RANDOMIZER_ACTIVE values: true
        cy:command (---success---): INFO	PRODUCTS_QTTY type: number
        cy:command (---success---): INFO	PRODUCTS_QTTY values: 20
        cy:command (---success---): INFO	TEST_CASE: TC_003_e2e_shoptet
        cy:command (---success---): INFO	FEATURE_BRANCH_VERSION: test-shoptet-service
        cy:command (---success---): INFO	env is: {"baseUrl2":"https://boostbrothers-bikes-api.herokuapp.com/motorcycles/","baseUrl":"https://jsonplaceholder.typicode.com/todos/1","TEST_CASE":"TC_003_e2e_shoptet","FEATURE_BRANCH_VERSION":"test-shoptet-service","RANDOMIZER_ACTIVE":true,"PRODUCTS_QTTY":20,"SERVICE_NAME":"shoptet-service"}
        cy:command (---success---): writeFile	./cache_data/cache.json
        cy:command (---success---): task	setupMicroServicesCredentials
        cy:command (---success---): INFO	services name in json: {
    "alza_service": {
        "imageTag": "",
        "activeTag": false,
        "default": "test-alza-service",
        "activeBasic": false
    },
    "expando_service": {
        "imageTag": "",
        "activeTag": false,
        "default": "test-expando-service",
        "active": false
    },
    "product_service": {
        "imageTag": "",
        "activeTag": false,
        "default": "test-product-service",
        "activeBasic": false
    }
}
        cy:command (---success---): task	writeServiceCredential, {
    "alza_service": {
        "imageTag": "",
        "activeTag": false,
        "default": "test-alza-service",
        "activeBasic": false
    },
    "expando_service": {
        "imageTag": "",
        "activeTag": false,
        "default": "test-expando-service",
        "active": false
    },
    "product_service": {
        "imageTag": "",
        "activeTag": false,
        "default": "test-product-service",
        "activeBasic": false
    }
}
        cy:request (---success---): GET https://jsonplaceholder.typicode.com/todos/1
Status: 200
Response body: {
  "userId": 1,
  "id": 1,
  "title": "delectus aut autem",
  "completed": false
}
        cy:command (---success---): assert	expected **{ Object (userId, id, ...) }** to exist
        cy:command (---success---): assert	expected **200** to equal **200**
